B2B1 .START phpCAS-1.3.0RC1+ ****************** [CAS.php:450]
B2B1 .=> phpCAS::client('2.0', 'sso.buaa.edu.cn', 443, 'cas') [index.php:6]
B2B1 .|    => CAS_Client::__construct('2.0', false, 'sso.buaa.edu.cn', 443, 'cas', true) [CAS.php:347]
B2B1 .|    |    Starting a new session [Client.php:797]
B2B1 .|    <= ''
B2B1 .<= ''
B2B1 .=> phpCAS::setNoCasServerValidation() [index.php:7]
B2B1 .|    You have configured no validation of the legitimacy of the cas server. This is not recommended for production use. [CAS.php:1663]
B2B1 .<= ''
B2B1 .=> phpCAS::forceAuthentication() [index.php:8]
B2B1 .|    => CAS_Client::forceAuthentication() [CAS.php:1100]
B2B1 .|    |    => CAS_Client::isAuthenticated() [Client.php:1088]
B2B1 .|    |    |    => CAS_Client::_wasPreviouslyAuthenticated() [Client.php:1192]
B2B1 .|    |    |    |    no user found [Client.php:1378]
B2B1 .|    |    |    <= false
B2B1 .|    |    |    no ticket found [Client.php:1261]
B2B1 .|    |    <= false
B2B1 .|    |    => CAS_Client::redirectToCas(false) [Client.php:1097]
B2B1 .|    |    |    => CAS_Client::getServerLoginURL(false, false) [Client.php:1399]
B2B1 .|    |    |    |    => CAS_Client::getURL() [Client.php:326]
B2B1 .|    |    |    |    |    Final URI: http://localhost/ [Client.php:3066]
B2B1 .|    |    |    |    <= 'http://localhost/'
B2B1 .|    |    |    <= 'https://sso.buaa.edu.cn/cas/login?service=http%3A%2F%2Flocalhost%2F'
B2B1 .|    |    |    Redirect to : https://sso.buaa.edu.cn/cas/login?service=http%3A%2F%2Flocalhost%2F [Client.php:1405]
B2B1 .|    |    |    exit()
B2B1 .|    |    |    -
B2B1 .|    |    -
B2B1 .|    -
