E6DB .START phpCAS-1.3.0RC1+ ****************** [CAS.php:450]
E6DB .=> phpCAS::client('2.0', 'sso.buaa.edu.cn', 443, '') [IndexController.php:70]
E6DB .|    => CAS_Client::__construct('2.0', false, 'sso.buaa.edu.cn', 443, '', true) [CAS.php:347]
E6DB .|    |    Starting a new session [Client.php:797]
E6DB .|    <= ''
E6DB .<= ''
E6DB .=> phpCAS::setNoCasServerValidation() [IndexController.php:71]
E6DB .|    You have configured no validation of the legitimacy of the cas server. This is not recommended for production use. [CAS.php:1663]
E6DB .<= ''
E6DB .=> phpCAS::forceAuthentication() [IndexController.php:72]
E6DB .|    => CAS_Client::forceAuthentication() [CAS.php:1100]
E6DB .|    |    => CAS_Client::isAuthenticated() [Client.php:1088]
E6DB .|    |    |    => CAS_Client::_wasPreviouslyAuthenticated() [Client.php:1192]
E6DB .|    |    |    |    no user found [Client.php:1378]
E6DB .|    |    |    <= false
E6DB .|    |    |    no ticket found [Client.php:1261]
E6DB .|    |    <= false
E6DB .|    |    => CAS_Client::redirectToCas(false) [Client.php:1097]
E6DB .|    |    |    => CAS_Client::getServerLoginURL(false, false) [Client.php:1399]
E6DB .|    |    |    |    => CAS_Client::getURL() [Client.php:326]
E6DB .|    |    |    |    |    Final URI: http://localhost:5000/index/apply [Client.php:3066]
E6DB .|    |    |    |    <= 'http://localhost:5000/index/apply'
E6DB .|    |    |    <= 'https://sso.buaa.edu.cn/login?service=http%3A%2F%2Flocalhost%3A5000%2Findex%2Fapply'
E6DB .|    |    |    Redirect to : https://sso.buaa.edu.cn/login?service=http%3A%2F%2Flocalhost%3A5000%2Findex%2Fapply [Client.php:1405]
E6DB .|    |    |    exit()
E6DB .|    |    |    -
E6DB .|    |    -
E6DB .|    -
6DED .START phpCAS-1.3.0RC1+ ****************** [CAS.php:450]
6DED .=> phpCAS::client('2.0', 'sso.buaa.edu.cn', 443, '') [IndexController.php:70]
6DED .|    => CAS_Client::__construct('2.0', false, 'sso.buaa.edu.cn', 443, '', true) [CAS.php:347]
6DED .|    |    Starting a new session [Client.php:797]
6DED .|    |    Ticket 'ST-58553-fvmEtzzXANogbVcSGsAe-cas' found [Client.php:875]
6DED .|    <= ''
6DED .<= ''
6DED .=> phpCAS::setNoCasServerValidation() [IndexController.php:71]
6DED .|    You have configured no validation of the legitimacy of the cas server. This is not recommended for production use. [CAS.php:1663]
6DED .<= ''
6DED .=> phpCAS::forceAuthentication() [IndexController.php:72]
6DED .|    => CAS_Client::forceAuthentication() [CAS.php:1100]
6DED .|    |    => CAS_Client::isAuthenticated() [Client.php:1088]
6DED .|    |    |    => CAS_Client::_wasPreviouslyAuthenticated() [Client.php:1192]
6DED .|    |    |    |    no user found [Client.php:1378]
6DED .|    |    |    <= false
6DED .|    |    |    CAS 2.0 ticket `ST-58553-fvmEtzzXANogbVcSGsAe-cas' is present [Client.php:1226]
6DED .|    |    |    => CAS_Client::validateCAS20('', NULL, NULL) [Client.php:1227]
6DED .|    |    |    |     [Client.php:2742]
6DED .|    |    |    |    => CAS_Client::getServerServiceValidateURL() [Client.php:2748]
6DED .|    |    |    |    |    => CAS_Client::getURL() [Client.php:415]
6DED .|    |    |    |    |    |    Final URI: http://localhost:5000/index/apply [Client.php:3066]
6DED .|    |    |    |    |    <= 'http://localhost:5000/index/apply'
6DED .|    |    |    |    <= 'https://sso.buaa.edu.cn/serviceValidate?service=http%3A%2F%2Flocalhost%3A5000%2Findex%2Fapply'
6DED .|    |    |    |    => CAS_Client::_readURL('https://sso.buaa.edu.cn/serviceValidate?service=http%3A%2F%2Flocalhost%3A5000%2Findex%2Fapply&ticket=ST-58553-fvmEtzzXANogbVcSGsAe-cas', NULL, NULL, NULL) [Client.php:2757]
6DED .|    |    |    |    |    => CAS_Request_CurlRequest::sendRequest() [AbstractRequest.php:218]
6DED .|    |    |    |    |    |    Response Body: 
6DED .|    |    |    |    |    |    <cas:serviceResponse xmlns:cas='http://www.yale.edu/tp/cas'>
6DED .|    |    |    |    |    |    	<cas:authenticationSuccess>
6DED .|    |    |    |    |    |    		<cas:user>12151042</cas:user>
6DED .|    |    |    |    |    |    			<cas:attributes>
6DED .|    |    |    |    |    |    
6DED .|    |    |    |    |    |        
6DED .|    |    |    |    |    |            <cas:employeeType>1</cas:employeeType>
6DED .|    |    |    |    |    |        
6DED .|    |    |    |    |    |            <cas:uid>12151042</cas:uid>
6DED .|    |    |    |    |    |        
6DED .|    |    |    |    |    |            <cas:mail></cas:mail>
6DED .|    |    |    |    |    |        
6DED .|    |    |    |    |    |            <cas:sn>吴晓杰</cas:sn>
6DED .|    |    |    |    |    |        
6DED .|    |    |    |    |    |            <cas:eduPersonPrimaryAffiliation>student</cas:eduPersonPrimaryAffiliation>
6DED .|    |    |    |    |    |        
6DED .|    |    |    |    |    |            <cas:cn>吴晓杰</cas:cn>
6DED .|    |    |    |    |    |        
6DED .|    |    |    |    |    |            <cas:departmentNumber>011500</cas:departmentNumber>
6DED .|    |    |    |    |    |        
6DED .|    |    |    |    |    |            <cas:userPassword>[B@1a0d4bdc</cas:userPassword>
6DED .|    |    |    |    |    |        
6DED .|    |    |    |    |    |            <cas:displayName>吴晓杰</cas:displayName>
6DED .|    |    |    |    |    |        
6DED .|    |    |    |    |    |            <cas:employeeNumber>12151042</cas:employeeNumber>
6DED .|    |    |    |    |    |        
6DED .|    |    |    |    |    |            <cas:xjtuGender>1</cas:xjtuGender>
6DED .|    |    |    |    |    |        
6DED .|    |    |    |    |    |    
6DED .|    |    |    |    |    |    </cas:attributes>
6DED .|    |    |    |    |    |    
6DED .|    |    |    |    |    |    			
6DED .|    |    |    |    |    |    		
6DED .|    |    |    |    |    |    
6DED .|    |    |    |    |    |    
6DED .|    |    |    |    |    |    	</cas:authenticationSuccess>
6DED .|    |    |    |    |    |    </cas:serviceResponse>
6DED .|    |    |    |    |    |    
6DED .|    |    |    |    |    |     [CurlRequest.php:82]
6DED .|    |    |    |    |    <= true
6DED .|    |    |    |    <= true
6DED .|    |    |    |    => CAS_Client::_readExtraAttributesCas20(DOMNodeList) [Client.php:2808]
6DED .|    |    |    |    |    Found nested jasig style attributes [Client.php:2893]
6DED .|    |    |    |    |    Attribute [employeeType] = 1 [Client.php:2897]
6DED .|    |    |    |    |    Attribute [uid] = 12151042 [Client.php:2897]
6DED .|    |    |    |    |    Attribute [mail] =  [Client.php:2897]
6DED .|    |    |    |    |    Attribute [sn] = 吴晓杰 [Client.php:2897]
6DED .|    |    |    |    |    Attribute [eduPersonPrimaryAffiliation] = student [Client.php:2897]
6DED .|    |    |    |    |    Attribute [cn] = 吴晓杰 [Client.php:2897]
6DED .|    |    |    |    |    Attribute [departmentNumber] = 011500 [Client.php:2897]
6DED .|    |    |    |    |    Attribute [userPassword] = [B@1a0d4bdc [Client.php:2897]
6DED .|    |    |    |    |    Attribute [displayName] = 吴晓杰 [Client.php:2897]
6DED .|    |    |    |    |    Attribute [employeeNumber] = 12151042 [Client.php:2897]
6DED .|    |    |    |    |    Attribute [xjtuGender] = 1 [Client.php:2897]
6DED .|    |    |    |    <= ''
6DED .|    |    |    |    Storing Proxy List [Client.php:2817]
6DED .|    |    |    |    => CAS_ProxyChain_AllowedList::isProxyListAllowed(array ()) [Client.php:2820]
6DED .|    |    |    |    |    No proxies were found in the response [AllowedList.php:81]
6DED .|    |    |    |    <= true
6DED .|    |    |    |    => CAS_Client::_renameSession('ST-58553-fvmEtzzXANogbVcSGsAe-cas') [Client.php:2851]
6DED .|    |    |    |    |    Session ID: ST-58553-fvmEtzzXANogbVcSGsAe-cas [Client.php:3169]
6DED .|    |    |    |    |    Restoring old session vars [Client.php:3172]
6DED .|    |    |    |    <= ''
6DED .|    |    |    <= true
6DED .|    |    |    CAS 2.0 ticket `ST-58553-fvmEtzzXANogbVcSGsAe-cas' was validated [Client.php:1228]
6DED .|    |    |    => CAS_Client::getURL() [Client.php:1282]
6DED .|    |    |    <= 'http://localhost:5000/index/apply'
6DED .|    |    |    Prepare redirect to : http://localhost:5000/index/apply [Client.php:1282]
6DED .|    |    |    => CAS_Client::getURL() [Client.php:1283]
6DED .|    |    |    <= 'http://localhost:5000/index/apply'
6DED .|    |    |    exit()
6DED .|    |    |    -
6DED .|    |    -
6DED .|    -
F334 .START phpCAS-1.3.0RC1+ ****************** [CAS.php:450]
F334 .=> phpCAS::client('2.0', 'sso.buaa.edu.cn', 443, '') [IndexController.php:70]
F334 .|    => CAS_Client::__construct('2.0', false, 'sso.buaa.edu.cn', 443, '', true) [CAS.php:347]
F334 .|    |    Starting a new session [Client.php:797]
F334 .|    <= ''
F334 .<= ''
F334 .=> phpCAS::setNoCasServerValidation() [IndexController.php:71]
F334 .|    You have configured no validation of the legitimacy of the cas server. This is not recommended for production use. [CAS.php:1663]
F334 .<= ''
F334 .=> phpCAS::forceAuthentication() [IndexController.php:72]
F334 .|    => CAS_Client::forceAuthentication() [CAS.php:1100]
F334 .|    |    => CAS_Client::isAuthenticated() [Client.php:1088]
F334 .|    |    |    => CAS_Client::_wasPreviouslyAuthenticated() [Client.php:1192]
F334 .|    |    |    |    user = `12151042' [Client.php:1368]
F334 .|    |    |    <= true
F334 .|    |    |    user was already authenticated, no need to look for tickets [Client.php:1209]
F334 .|    |    <= true
F334 .|    |    no need to authenticate [Client.php:1090]
F334 .|    <= true
F334 .<= ''
F334 .=> CAS_Client::handleLogoutRequests(true, false) [CAS.php:1298]
F334 .|    Not a logout request [Client.php:1473]
F334 .<= ''
F334 .=> phpCAS::checkAuthentication() [IndexController.php:74]
F334 .|    => CAS_Client::checkAuthentication() [CAS.php:1077]
F334 .|    |    => CAS_Client::isAuthenticated() [Client.php:1136]
F334 .|    |    |    => CAS_Client::_wasPreviouslyAuthenticated() [Client.php:1192]
F334 .|    |    |    |    user = `12151042' [Client.php:1368]
F334 .|    |    |    <= true
F334 .|    |    |    user was already authenticated, no need to look for tickets [Client.php:1209]
F334 .|    |    <= true
F334 .|    |    user is authenticated [Client.php:1137]
F334 .|    <= true
F334 .<= true
